2019-09-08 00:49:53.762  WARN 124364 --- [HikariPool-1 housekeeper] com.zaxxer.hikari.pool.HikariPool        : HikariPool-1 - Thread starvation or clock leap detected (housekeeper delta=24m30s963ms500µs301ns).
2019-09-08 00:53:31.345 DEBUG 124364 --- [http-nio-8080-exec-10] com.cloud.backend.dao.BlackIPDao.count   : ==>  Preparing: select count(*) from black_ip t 
2019-09-08 00:53:31.347 DEBUG 124364 --- [http-nio-8080-exec-10] com.cloud.backend.dao.BlackIPDao.count   : ==> Parameters: 
2019-09-08 00:53:31.419 DEBUG 124364 --- [http-nio-8080-exec-10] com.cloud.backend.dao.BlackIPDao.count   : <==      Total: 1
2019-09-08 07:28:33.962  WARN 124364 --- [HikariPool-1 housekeeper] com.zaxxer.hikari.pool.HikariPool        : HikariPool-1 - Thread starvation or clock leap detected (housekeeper delta=5h19m40s105ms113µs200ns).
2019-09-08 07:51:18.497  INFO 167100 --- [main] com.cloud.SpringbootMybatisApplication   : No active profile set, falling back to default profiles: default
2019-09-08 07:51:18.512  INFO 167100 --- [main] ConfigServletWebServerApplicationContext : Refreshing org.springframework.boot.web.servlet.context.AnnotationConfigServletWebServerApplicationContext@6f6745d6: startup date [Sun Sep 08 07:51:18 CST 2019]; parent: org.springframework.context.annotation.AnnotationConfigApplicationContext@3d51f06e
2019-09-08 07:51:19.619  INFO 167100 --- [main] o.s.b.f.s.DefaultListableBeanFactory     : Overriding bean definition for bean 'passwordEncoder' with a different definition: replacing [Root bean: class [null]; scope=; abstract=false; lazyInit=false; autowireMode=3; dependencyCheck=0; autowireCandidate=true; primary=false; factoryBeanName=passwordEncoderConfig; factoryMethodName=passwordEncoder; initMethodName=null; destroyMethodName=(inferred); defined in class path resource [com/cloud/config/PasswordEncoderConfig.class]] with [Root bean: class [null]; scope=; abstract=false; lazyInit=false; autowireMode=3; dependencyCheck=0; autowireCandidate=true; primary=false; factoryBeanName=resourceServerConfig; factoryMethodName=passwordEncoder; initMethodName=null; destroyMethodName=(inferred); defined in class path resource [com/cloud/config/ResourceServerConfig.class]]
2019-09-08 07:51:20.288  INFO 167100 --- [main] o.s.b.f.s.DefaultListableBeanFactory     : Overriding bean definition for bean 'dataSource' with a different definition: replacing [Root bean: class [null]; scope=refresh; abstract=false; lazyInit=false; autowireMode=3; dependencyCheck=0; autowireCandidate=false; primary=false; factoryBeanName=org.springframework.boot.autoconfigure.jdbc.DataSourceConfiguration$Hikari; factoryMethodName=dataSource; initMethodName=null; destroyMethodName=(inferred); defined in class path resource [org/springframework/boot/autoconfigure/jdbc/DataSourceConfiguration$Hikari.class]] with [Root bean: class [org.springframework.aop.scope.ScopedProxyFactoryBean]; scope=; abstract=false; lazyInit=false; autowireMode=0; dependencyCheck=0; autowireCandidate=true; primary=false; factoryBeanName=null; factoryMethodName=null; initMethodName=null; destroyMethodName=null; defined in BeanDefinition defined in class path resource [org/springframework/boot/autoconfigure/jdbc/DataSourceConfiguration$Hikari.class]]
2019-09-08 07:51:20.573  INFO 167100 --- [main] o.s.cloud.context.scope.GenericScope     : BeanFactory id=e210b783-8a3e-3704-a03a-999ac7ff3f30
2019-09-08 07:51:20.750  INFO 167100 --- [main] trationDelegate$BeanPostProcessorChecker : Bean 'org.springframework.security.config.annotation.configuration.ObjectPostProcessorConfiguration' of type [org.springframework.security.config.annotation.configuration.ObjectPostProcessorConfiguration$$EnhancerBySpringCGLIB$$a74e8ead] is not eligible for getting processed by all BeanPostProcessors (for example: not eligible for auto-proxying)
2019-09-08 07:51:20.762  INFO 167100 --- [main] trationDelegate$BeanPostProcessorChecker : Bean 'org.springframework.transaction.annotation.ProxyTransactionManagementConfiguration' of type [org.springframework.transaction.annotation.ProxyTransactionManagementConfiguration$$EnhancerBySpringCGLIB$$ea0c673] is not eligible for getting processed by all BeanPostProcessors (for example: not eligible for auto-proxying)
2019-09-08 07:51:20.812  INFO 167100 --- [main] trationDelegate$BeanPostProcessorChecker : Bean 'objectPostProcessor' of type [org.springframework.security.config.annotation.configuration.AutowireBeanFactoryObjectPostProcessor] is not eligible for getting processed by all BeanPostProcessors (for example: not eligible for auto-proxying)
2019-09-08 07:51:20.818  INFO 167100 --- [main] trationDelegate$BeanPostProcessorChecker : Bean 'org.springframework.security.access.expression.method.DefaultMethodSecurityExpressionHandler@201c3cda' of type [org.springframework.security.oauth2.provider.expression.OAuth2MethodSecurityExpressionHandler] is not eligible for getting processed by all BeanPostProcessors (for example: not eligible for auto-proxying)
2019-09-08 07:51:20.833  INFO 167100 --- [main] trationDelegate$BeanPostProcessorChecker : Bean 'org.springframework.security.config.annotation.method.configuration.GlobalMethodSecurityConfiguration' of type [org.springframework.security.config.annotation.method.configuration.GlobalMethodSecurityConfiguration$$EnhancerBySpringCGLIB$$cc23315f] is not eligible for getting processed by all BeanPostProcessors (for example: not eligible for auto-proxying)
2019-09-08 07:51:20.845  INFO 167100 --- [main] trationDelegate$BeanPostProcessorChecker : Bean 'methodSecurityMetadataSource' of type [org.springframework.security.access.method.DelegatingMethodSecurityMetadataSource] is not eligible for getting processed by all BeanPostProcessors (for example: not eligible for auto-proxying)
2019-09-08 07:51:20.872  INFO 167100 --- [main] trationDelegate$BeanPostProcessorChecker : Bean 'org.springframework.cloud.autoconfigure.ConfigurationPropertiesRebinderAutoConfiguration' of type [org.springframework.cloud.autoconfigure.ConfigurationPropertiesRebinderAutoConfiguration$$EnhancerBySpringCGLIB$$2abac970] is not eligible for getting processed by all BeanPostProcessors (for example: not eligible for auto-proxying)
2019-09-08 07:51:21.992  INFO 167100 --- [main] o.s.b.w.embedded.tomcat.TomcatWebServer  : Tomcat initialized with port(s): 8080 (http)
2019-09-08 07:51:22.026  INFO 167100 --- [main] o.apache.catalina.core.StandardService   : Starting service [Tomcat]
2019-09-08 07:51:22.027  INFO 167100 --- [main] org.apache.catalina.core.StandardEngine  : Starting Servlet Engine: Apache Tomcat/8.5.34
2019-09-08 07:51:22.041  INFO 167100 --- [localhost-startStop-1] o.a.catalina.core.AprLifecycleListener   : The APR based Apache Tomcat Native library which allows optimal performance in production environments was not found on the java.library.path: [C:\Java\jdk1.8.0_131\bin;C:\WINDOWS\Sun\Java\bin;C:\WINDOWS\system32;C:\WINDOWS;C:/Program Files/Java/jre1.8.0_161/bin/server;C:/Program Files/Java/jre1.8.0_161/bin;C:/Program Files/Java/jre1.8.0_161/lib/amd64;C:\ProgramData\DockerDesktop\version-bin;C:\Program Files\Docker\Docker\Resources\bin;C:\python3\Scripts\;C:\python3\;C:\ProgramData\Oracle\Java\javapath;C:\Program Files (x86)\Common Files\NetSarang;C:\Program Files (x86)\Intel\iCLS Client\;C:\Program Files\Intel\iCLS Client\;C:\Windows\system32;C:\Windows;C:\Windows\System32\Wbem;C:\Windows\System32\WindowsPowerShell\v1.0\;C:\Program Files (x86)\Intel\Intel(R) Management Engine Components\DAL;C:\Program Files\Intel\Intel(R) Management Engine Components\DAL;C:\Program Files (x86)\Intel\Intel(R) Management Engine Components\IPT;C:\Program Files\Intel\Intel(R) Management Engine Components\IPT;C:\Program Files (x86)\NVIDIA Corporation\PhysX\Common;C:\WINDOWS\system32;C:\WINDOWS;C:\WINDOWS\System32\Wbem;C:\WINDOWS\System32\WindowsPowerShell\v1.0\;C:\Java\jdk1.8.0_131\bin;C:\Git\cmd;D:\apache-maven-3.5.3\bin;D:\mysql-5.7.22-winx64\mysql-5.7.22-winx64\bin;C:\WINDOWS\System32\OpenSSH\;C:\python3;C:\python3\Scripts;C:\Users\Administrator\AppData\Local\Microsoft\WindowsApps;C:\Users\Administrator\AppData\Local\GitHubDesktop\bin;C:\Users\Administrator\Desktop\springtool\sts-bundle\sts-3.8.1.RELEASE;;.]
2019-09-08 07:51:22.266  INFO 167100 --- [localhost-startStop-1] o.a.c.c.C.[Tomcat].[localhost].[/]       : Initializing Spring embedded WebApplicationContext
2019-09-08 07:51:22.266  INFO 167100 --- [localhost-startStop-1] o.s.web.context.ContextLoader            : Root WebApplicationContext: initialization completed in 3754 ms
2019-09-08 07:51:23.831  INFO 167100 --- [localhost-startStop-1] o.s.b.w.servlet.FilterRegistrationBean   : Mapping filter: 'characterEncodingFilter' to: [/*]
2019-09-08 07:51:23.832  INFO 167100 --- [localhost-startStop-1] o.s.b.w.servlet.FilterRegistrationBean   : Mapping filter: 'webMvcMetricsFilter' to: [/*]
2019-09-08 07:51:23.833  INFO 167100 --- [localhost-startStop-1] o.s.b.w.servlet.FilterRegistrationBean   : Mapping filter: 'hiddenHttpMethodFilter' to: [/*]
2019-09-08 07:51:23.833  INFO 167100 --- [localhost-startStop-1] o.s.b.w.servlet.FilterRegistrationBean   : Mapping filter: 'httpPutFormContentFilter' to: [/*]
2019-09-08 07:51:23.833  INFO 167100 --- [localhost-startStop-1] o.s.b.w.servlet.FilterRegistrationBean   : Mapping filter: 'requestContextFilter' to: [/*]
2019-09-08 07:51:23.833  INFO 167100 --- [localhost-startStop-1] .s.DelegatingFilterProxyRegistrationBean : Mapping filter: 'springSecurityFilterChain' to: [/*]
2019-09-08 07:51:23.834  INFO 167100 --- [localhost-startStop-1] o.s.b.w.servlet.FilterRegistrationBean   : Mapping filter: 'httpTraceFilter' to: [/*]
2019-09-08 07:51:23.834  INFO 167100 --- [localhost-startStop-1] o.s.b.w.servlet.FilterRegistrationBean   : Mapping filter: 'corsFilter' to: [/*]
2019-09-08 07:51:23.834  INFO 167100 --- [localhost-startStop-1] o.s.b.w.servlet.ServletRegistrationBean  : Servlet dispatcherServlet mapped to [/]
2019-09-08 07:51:25.540  INFO 167100 --- [main] .s.o.p.e.FrameworkEndpointHandlerMapping : Mapped "{[/oauth/authorize],methods=[POST],params=[user_oauth_approval]}" onto public org.springframework.web.servlet.View org.springframework.security.oauth2.provider.endpoint.AuthorizationEndpoint.approveOrDeny(java.util.Map<java.lang.String, java.lang.String>,java.util.Map<java.lang.String, ?>,org.springframework.web.bind.support.SessionStatus,java.security.Principal)
2019-09-08 07:51:25.542  INFO 167100 --- [main] .s.o.p.e.FrameworkEndpointHandlerMapping : Mapped "{[/oauth/authorize]}" onto public org.springframework.web.servlet.ModelAndView org.springframework.security.oauth2.provider.endpoint.AuthorizationEndpoint.authorize(java.util.Map<java.lang.String, java.lang.Object>,java.util.Map<java.lang.String, java.lang.String>,org.springframework.web.bind.support.SessionStatus,java.security.Principal)
2019-09-08 07:51:25.546  INFO 167100 --- [main] .s.o.p.e.FrameworkEndpointHandlerMapping : Mapped "{[/oauth/token],methods=[GET]}" onto public org.springframework.http.ResponseEntity<org.springframework.security.oauth2.common.OAuth2AccessToken> org.springframework.security.oauth2.provider.endpoint.TokenEndpoint.getAccessToken(java.security.Principal,java.util.Map<java.lang.String, java.lang.String>) throws org.springframework.web.HttpRequestMethodNotSupportedException
2019-09-08 07:51:25.546  INFO 167100 --- [main] .s.o.p.e.FrameworkEndpointHandlerMapping : Mapped "{[/oauth/token],methods=[POST]}" onto public org.springframework.http.ResponseEntity<org.springframework.security.oauth2.common.OAuth2AccessToken> org.springframework.security.oauth2.provider.endpoint.TokenEndpoint.postAccessToken(java.security.Principal,java.util.Map<java.lang.String, java.lang.String>) throws org.springframework.web.HttpRequestMethodNotSupportedException
2019-09-08 07:51:25.547  INFO 167100 --- [main] .s.o.p.e.FrameworkEndpointHandlerMapping : Mapped "{[/oauth/check_token]}" onto public java.util.Map<java.lang.String, ?> org.springframework.security.oauth2.provider.endpoint.CheckTokenEndpoint.checkToken(java.lang.String)
2019-09-08 07:51:25.549  INFO 167100 --- [main] .s.o.p.e.FrameworkEndpointHandlerMapping : Mapped "{[/oauth/confirm_access]}" onto public org.springframework.web.servlet.ModelAndView org.springframework.security.oauth2.provider.endpoint.WhitelabelApprovalEndpoint.getAccessConfirmation(java.util.Map<java.lang.String, java.lang.Object>,javax.servlet.http.HttpServletRequest) throws java.lang.Exception
2019-09-08 07:51:25.549  INFO 167100 --- [main] .s.o.p.e.FrameworkEndpointHandlerMapping : Mapped "{[/oauth/error]}" onto public org.springframework.web.servlet.ModelAndView org.springframework.security.oauth2.provider.endpoint.WhitelabelErrorEndpoint.handleError(javax.servlet.http.HttpServletRequest)
2019-09-08 07:51:25.552  INFO 167100 --- [main] .s.o.p.e.FrameworkEndpointHandlerMapping : Mapped "{[/oauth/token_key],methods=[GET]}" onto public java.util.Map<java.lang.String, java.lang.String> org.springframework.security.oauth2.provider.endpoint.TokenKeyEndpoint.getKey(java.security.Principal)
2019-09-08 07:51:25.599  INFO 167100 --- [main] s.w.s.m.m.a.RequestMappingHandlerMapping : Mapped "{[/api-b/blackIPs],methods=[DELETE]}" onto public void com.cloud.backend.controller.BlackIPController.delete(java.lang.String)
2019-09-08 07:51:25.600  INFO 167100 --- [main] s.w.s.m.m.a.RequestMappingHandlerMapping : Mapped "{[/api-b/blackIPs],methods=[POST]}" onto public void com.cloud.backend.controller.BlackIPController.save(com.cloud.backend.model.BlackIP)
2019-09-08 07:51:25.600  INFO 167100 --- [main] s.w.s.m.m.a.RequestMappingHandlerMapping : Mapped "{[/api-b/blackIPs],methods=[GET]}" onto public com.cloud.util.Page<com.cloud.backend.model.BlackIP> com.cloud.backend.controller.BlackIPController.findBlackIPs(java.util.Map<java.lang.String, java.lang.Object>)
2019-09-08 07:51:25.601  INFO 167100 --- [main] s.w.s.m.m.a.RequestMappingHandlerMapping : Mapped "{[/api-b/backend-anon/internal/blackIPs],methods=[GET]}" onto public java.util.Set<java.lang.String> com.cloud.backend.controller.BlackIPController.findAllBlackIPs(java.util.Map<java.lang.String, java.lang.Object>)
2019-09-08 07:51:25.604  INFO 167100 --- [main] s.w.s.m.m.a.RequestMappingHandlerMapping : Mapped "{[/api-b/mails],methods=[PUT]}" onto public com.cloud.util.Mail com.cloud.backend.controller.MailController.update(com.cloud.util.Mail,java.lang.Boolean)
2019-09-08 07:51:25.605  INFO 167100 --- [main] s.w.s.m.m.a.RequestMappingHandlerMapping : Mapped "{[/api-b/mails],methods=[POST]}" onto public com.cloud.util.Mail com.cloud.backend.controller.MailController.save(com.cloud.util.Mail,java.lang.Boolean)
2019-09-08 07:51:25.605  INFO 167100 --- [main] s.w.s.m.m.a.RequestMappingHandlerMapping : Mapped "{[/api-b/mails/{id}],methods=[GET]}" onto public com.cloud.util.Mail com.cloud.backend.controller.MailController.findById(java.lang.Long)
2019-09-08 07:51:25.605  INFO 167100 --- [main] s.w.s.m.m.a.RequestMappingHandlerMapping : Mapped "{[/api-b/mails],methods=[GET]}" onto public com.cloud.util.Page<com.cloud.util.Mail> com.cloud.backend.controller.MailController.findMails(java.util.Map<java.lang.String, java.lang.Object>)
2019-09-08 07:51:25.609  INFO 167100 --- [main] s.w.s.m.m.a.RequestMappingHandlerMapping : Mapped "{[/api-b/menus],methods=[PUT]}" onto public com.cloud.backend.model.Menu com.cloud.backend.controller.MenuController.update(com.cloud.backend.model.Menu)
2019-09-08 07:51:25.609  INFO 167100 --- [main] s.w.s.m.m.a.RequestMappingHandlerMapping : Mapped "{[/api-b/menus/{id}],methods=[DELETE]}" onto public void com.cloud.backend.controller.MenuController.delete(java.lang.Long)
2019-09-08 07:51:25.609  INFO 167100 --- [main] s.w.s.m.m.a.RequestMappingHandlerMapping : Mapped "{[/api-b/menus],methods=[POST]}" onto public com.cloud.backend.model.Menu com.cloud.backend.controller.MenuController.save(com.cloud.backend.model.Menu)
2019-09-08 07:51:25.609  INFO 167100 --- [main] s.w.s.m.m.a.RequestMappingHandlerMapping : Mapped "{[/api-b/menus],methods=[GET],params=[roleId]}" onto public java.util.Set<java.lang.Long> com.cloud.backend.controller.MenuController.findMenuIdsByRoleId(java.lang.Long)
2019-09-08 07:51:25.610  INFO 167100 --- [main] s.w.s.m.m.a.RequestMappingHandlerMapping : Mapped "{[/api-b/menus/all],methods=[GET]}" onto public java.util.List<com.cloud.backend.model.Menu> com.cloud.backend.controller.MenuController.findAll()
2019-09-08 07:51:25.610  INFO 167100 --- [main] s.w.s.m.m.a.RequestMappingHandlerMapping : Mapped "{[/api-b/menus/{id}],methods=[GET]}" onto public com.cloud.backend.model.Menu com.cloud.backend.controller.MenuController.findById(java.lang.Long)
2019-09-08 07:51:25.610  INFO 167100 --- [main] s.w.s.m.m.a.RequestMappingHandlerMapping : Mapped "{[/api-b/menus/toRole],methods=[POST]}" onto public void com.cloud.backend.controller.MenuController.setMenuToRole(java.lang.Long,java.util.Set<java.lang.Long>)
2019-09-08 07:51:25.611  INFO 167100 --- [main] s.w.s.m.m.a.RequestMappingHandlerMapping : Mapped "{[/api-b/menus/me],methods=[GET]}" onto public java.util.List<com.cloud.backend.model.Menu> com.cloud.backend.controller.MenuController.findMyMenu()
2019-09-08 07:51:25.611  INFO 167100 --- [main] s.w.s.m.m.a.RequestMappingHandlerMapping : Mapped "{[/api-b/menus/tree],methods=[GET]}" onto public java.util.List<com.cloud.backend.model.Menu> com.cloud.backend.controller.MenuController.findMenuTree()
2019-09-08 07:51:25.612  INFO 167100 --- [main] s.w.s.m.m.a.RequestMappingHandlerMapping : Mapped "{[/sys/logout],methods=[GET]}" onto public void com.cloud.gateway.controller.TokenController.logout(java.lang.String,java.lang.String)
2019-09-08 07:51:25.612  INFO 167100 --- [main] s.w.s.m.m.a.RequestMappingHandlerMapping : Mapped "{[/sys/login],methods=[POST]}" onto public java.util.Map<java.lang.String, java.lang.Object> com.cloud.gateway.controller.TokenController.login(java.lang.String,java.lang.String) throws java.lang.Exception
2019-09-08 07:51:25.613  INFO 167100 --- [main] s.w.s.m.m.a.RequestMappingHandlerMapping : Mapped "{[/sys/login-wechat],methods=[POST]}" onto public java.util.Map<java.lang.String, java.lang.Object> com.cloud.gateway.controller.TokenController.smsLogin(java.lang.String,java.lang.String) throws java.lang.Exception
2019-09-08 07:51:25.613  INFO 167100 --- [main] s.w.s.m.m.a.RequestMappingHandlerMapping : Mapped "{[/sys/login-sms],methods=[POST]}" onto public java.util.Map<java.lang.String, java.lang.Object> com.cloud.gateway.controller.TokenController.smsLogin(java.lang.String,java.lang.String,java.lang.String) throws java.lang.Exception
2019-09-08 07:51:25.613  INFO 167100 --- [main] s.w.s.m.m.a.RequestMappingHandlerMapping : Mapped "{[/sys/refresh_token],methods=[POST]}" onto public java.util.Map<java.lang.String, java.lang.Object> com.cloud.gateway.controller.TokenController.refresh_token(java.lang.String)
2019-09-08 07:51:25.614  INFO 167100 --- [main] s.w.s.m.m.a.RequestMappingHandlerMapping : Mapped "{[/notification-anon/codes],methods=[POST],params=[phone]}" onto public com.cloud.notification.model.VerificationCode com.cloud.notification.controller.SmsController.sendSmsVerificationCode(java.lang.String)
2019-09-08 07:51:25.614  INFO 167100 --- [main] s.w.s.m.m.a.RequestMappingHandlerMapping : Mapped "{[/notification-anon/internal/phone],methods=[GET],params=[key && code]}" onto public java.lang.String com.cloud.notification.controller.SmsController.matcheCodeAndGetPhone(java.lang.String,java.lang.String,java.lang.Boolean,java.lang.Integer)
2019-09-08 07:51:25.614  INFO 167100 --- [main] s.w.s.m.m.a.RequestMappingHandlerMapping : Mapped "{[/sms],methods=[GET]}" onto public com.cloud.util.Page<com.cloud.notification.model.Sms> com.cloud.notification.controller.SmsController.findSms(java.util.Map<java.lang.String, java.lang.Object>)
2019-09-08 07:51:25.616  INFO 167100 --- [main] s.w.s.m.m.a.RequestMappingHandlerMapping : Mapped "{[/clients],methods=[PUT]}" onto public void com.cloud.oauth.controller.ClientController.update(org.springframework.security.oauth2.provider.client.BaseClientDetails)
2019-09-08 07:51:25.616  INFO 167100 --- [main] s.w.s.m.m.a.RequestMappingHandlerMapping : Mapped "{[/clients/{clientId}],methods=[DELETE]}" onto public void com.cloud.oauth.controller.ClientController.delete(java.lang.String)
2019-09-08 07:51:25.616  INFO 167100 --- [main] s.w.s.m.m.a.RequestMappingHandlerMapping : Mapped "{[/clients],methods=[POST]}" onto public void com.cloud.oauth.controller.ClientController.save(org.springframework.security.oauth2.provider.client.BaseClientDetails)
2019-09-08 07:51:25.616  INFO 167100 --- [main] s.w.s.m.m.a.RequestMappingHandlerMapping : Mapped "{[/clients/{clientId}],methods=[PUT],params=[secret]}" onto public void com.cloud.oauth.controller.ClientController.updateSecret(java.lang.String,java.lang.String)
2019-09-08 07:51:25.617  INFO 167100 --- [main] s.w.s.m.m.a.RequestMappingHandlerMapping : Mapped "{[/clients/{clientId}],methods=[GET]}" onto public org.springframework.security.oauth2.provider.ClientDetails com.cloud.oauth.controller.ClientController.getById(java.lang.String)
2019-09-08 07:51:25.617  INFO 167100 --- [main] s.w.s.m.m.a.RequestMappingHandlerMapping : Mapped "{[/clients],methods=[GET]}" onto public com.cloud.util.Page<org.springframework.security.oauth2.provider.ClientDetails> com.cloud.oauth.controller.ClientController.findClients()
2019-09-08 07:51:25.618  INFO 167100 --- [main] s.w.s.m.m.a.RequestMappingHandlerMapping : Mapped "{[/user-me],methods=[GET]}" onto public org.springframework.security.core.Authentication com.cloud.oauth.controller.OAuth2Controller.principal()
2019-09-08 07:51:25.618  INFO 167100 --- [main] s.w.s.m.m.a.RequestMappingHandlerMapping : Mapped "{[/remove_token],methods=[DELETE],params=[access_token]}" onto public void com.cloud.oauth.controller.OAuth2Controller.removeToken(java.lang.String)
2019-09-08 07:51:25.620  INFO 167100 --- [main] s.w.s.m.m.a.RequestMappingHandlerMapping : Mapped "{[/api-u/permissions],methods=[PUT]}" onto public com.cloud.user.model.SysPermission com.cloud.user.controller.SysPermissionController.update(com.cloud.user.model.SysPermission)
2019-09-08 07:51:25.621  INFO 167100 --- [main] s.w.s.m.m.a.RequestMappingHandlerMapping : Mapped "{[/api-u/permissions/{id}],methods=[DELETE]}" onto public void com.cloud.user.controller.SysPermissionController.delete(java.lang.Long)
2019-09-08 07:51:25.621  INFO 167100 --- [main] s.w.s.m.m.a.RequestMappingHandlerMapping : Mapped "{[/api-u/permissions],methods=[POST]}" onto public com.cloud.user.model.SysPermission com.cloud.user.controller.SysPermissionController.save(com.cloud.user.model.SysPermission)
2019-09-08 07:51:25.621  INFO 167100 --- [main] s.w.s.m.m.a.RequestMappingHandlerMapping : Mapped "{[/api-u/permissions],methods=[GET]}" onto public com.cloud.util.Page<com.cloud.user.model.SysPermission> com.cloud.user.controller.SysPermissionController.findPermissions(java.util.Map<java.lang.String, java.lang.Object>)
2019-09-08 07:51:25.622  INFO 167100 --- [main] s.w.s.m.m.a.RequestMappingHandlerMapping : Mapped "{[/api-u/roles],methods=[PUT]}" onto public com.cloud.user.model.SysRole com.cloud.user.controller.SysRoleController.update(com.cloud.user.model.SysRole)
2019-09-08 07:51:25.622  INFO 167100 --- [main] s.w.s.m.m.a.RequestMappingHandlerMapping : Mapped "{[/api-u/roles],methods=[POST]}" onto public com.cloud.user.model.SysRole com.cloud.user.controller.SysRoleController.save(com.cloud.user.model.SysRole)
2019-09-08 07:51:25.623  INFO 167100 --- [main] s.w.s.m.m.a.RequestMappingHandlerMapping : Mapped "{[/api-u/roles/{id}/permissions],methods=[POST]}" onto public void com.cloud.user.controller.SysRoleController.setPermissionToRole(java.lang.Long,java.util.Set<java.lang.Long>)
2019-09-08 07:51:25.623  INFO 167100 --- [main] s.w.s.m.m.a.RequestMappingHandlerMapping : Mapped "{[/api-u/roles/{id}/permissions],methods=[GET]}" onto public java.util.Set<com.cloud.user.model.SysPermission> com.cloud.user.controller.SysRoleController.findPermissionsByRoleId(java.lang.Long)
2019-09-08 07:51:25.623  INFO 167100 --- [main] s.w.s.m.m.a.RequestMappingHandlerMapping : Mapped "{[/api-u/roles/{id}],methods=[DELETE]}" onto public void com.cloud.user.controller.SysRoleController.deleteRole(java.lang.Long)
2019-09-08 07:51:25.623  INFO 167100 --- [main] s.w.s.m.m.a.RequestMappingHandlerMapping : Mapped "{[/api-u/roles],methods=[GET]}" onto public com.cloud.util.Page<com.cloud.user.model.SysRole> com.cloud.user.controller.SysRoleController.findRoles(java.util.Map<java.lang.String, java.lang.Object>)
2019-09-08 07:51:25.624  INFO 167100 --- [main] s.w.s.m.m.a.RequestMappingHandlerMapping : Mapped "{[/api-u/roles/{id}],methods=[GET]}" onto public com.cloud.user.model.SysRole com.cloud.user.controller.SysRoleController.findById(java.lang.Long)
2019-09-08 07:51:25.628  INFO 167100 --- [main] s.w.s.m.m.a.RequestMappingHandlerMapping : Mapped "{[/api-u/users-anon/register],methods=[POST]}" onto public com.cloud.user.model.AppUser com.cloud.user.controller.UserController.register(com.cloud.user.model.AppUser)
2019-09-08 07:51:25.628  INFO 167100 --- [main] s.w.s.m.m.a.RequestMappingHandlerMapping : Mapped "{[/api-u/users/{id}/roles],methods=[GET]}" onto public java.util.Set<com.cloud.user.model.SysRole> com.cloud.user.controller.UserController.findRolesByUserId(java.lang.Long)
2019-09-08 07:51:25.629  INFO 167100 --- [main] s.w.s.m.m.a.RequestMappingHandlerMapping : Mapped "{[/api-u/users],methods=[GET]}" onto public com.cloud.util.Page<com.cloud.user.model.AppUser> com.cloud.user.controller.UserController.findUsers(java.util.Map<java.lang.String, java.lang.Object>)
2019-09-08 07:51:25.629  INFO 167100 --- [main] s.w.s.m.m.a.RequestMappingHandlerMapping : Mapped "{[/api-u/users/{id}],methods=[GET]}" onto public com.cloud.user.model.AppUser com.cloud.user.controller.UserController.findUserById(java.lang.Long)
2019-09-08 07:51:25.629  INFO 167100 --- [main] s.w.s.m.m.a.RequestMappingHandlerMapping : Mapped "{[/api-u/users/me],methods=[PUT]}" onto public com.cloud.user.model.AppUser com.cloud.user.controller.UserController.updateMe(com.cloud.user.model.AppUser)
2019-09-08 07:51:25.629  INFO 167100 --- [main] s.w.s.m.m.a.RequestMappingHandlerMapping : Mapped "{[/api-u/users-anon/internal],methods=[GET],params=[username]}" onto public com.cloud.user.model.LoginAppUser com.cloud.user.controller.UserController.findByUsername(java.lang.String)
2019-09-08 07:51:25.629  INFO 167100 --- [main] s.w.s.m.m.a.RequestMappingHandlerMapping : Mapped "{[/api-u/users/{id}/roles],methods=[POST]}" onto public void com.cloud.user.controller.UserController.setRoleToUser(java.lang.Long,java.util.Set<java.lang.Long>)
2019-09-08 07:51:25.630  INFO 167100 --- [main] s.w.s.m.m.a.RequestMappingHandlerMapping : Mapped "{[/api-u/users/password],methods=[PUT],params=[oldPassword && newPassword]}" onto public void com.cloud.user.controller.UserController.updatePassword(java.lang.String,java.lang.String)
2019-09-08 07:51:25.630  INFO 167100 --- [main] s.w.s.m.m.a.RequestMappingHandlerMapping : Mapped "{[/api-u/users/binding-phone],methods=[POST]}" onto public void com.cloud.user.controller.UserController.bindingPhone(java.lang.String,java.lang.String,java.lang.String)
2019-09-08 07:51:25.630  INFO 167100 --- [main] s.w.s.m.m.a.RequestMappingHandlerMapping : Mapped "{[/api-u/users/{id}/password],methods=[PUT],params=[newPassword]}" onto public void com.cloud.user.controller.UserController.resetPassword(java.lang.Long,java.lang.String)
2019-09-08 07:51:25.630  INFO 167100 --- [main] s.w.s.m.m.a.RequestMappingHandlerMapping : Mapped "{[/api-u/users],methods=[PUT]}" onto public void com.cloud.user.controller.UserController.updateAppUser(com.cloud.user.model.AppUser)
2019-09-08 07:51:25.631  INFO 167100 --- [main] s.w.s.m.m.a.RequestMappingHandlerMapping : Mapped "{[/api-u/users/current],methods=[GET]}" onto public com.cloud.user.model.LoginAppUser com.cloud.user.controller.UserController.getLoginAppUser()
2019-09-08 07:51:25.633  INFO 167100 --- [main] s.w.s.m.m.a.RequestMappingHandlerMapping : Mapped "{[/swagger-resources/configuration/ui]}" onto public org.springframework.http.ResponseEntity<springfox.documentation.swagger.web.UiConfiguration> springfox.documentation.swagger.web.ApiResourceController.uiConfiguration()
2019-09-08 07:51:25.633  INFO 167100 --- [main] s.w.s.m.m.a.RequestMappingHandlerMapping : Mapped "{[/swagger-resources]}" onto public org.springframework.http.ResponseEntity<java.util.List<springfox.documentation.swagger.web.SwaggerResource>> springfox.documentation.swagger.web.ApiResourceController.swaggerResources()
2019-09-08 07:51:25.634  INFO 167100 --- [main] s.w.s.m.m.a.RequestMappingHandlerMapping : Mapped "{[/swagger-resources/configuration/security]}" onto public org.springframework.http.ResponseEntity<springfox.documentation.swagger.web.SecurityConfiguration> springfox.documentation.swagger.web.ApiResourceController.securityConfiguration()
2019-09-08 07:51:25.636  INFO 167100 --- [main] s.w.s.m.m.a.RequestMappingHandlerMapping : Mapped "{[/error]}" onto public org.springframework.http.ResponseEntity<java.util.Map<java.lang.String, java.lang.Object>> org.springframework.boot.autoconfigure.web.servlet.error.BasicErrorController.error(javax.servlet.http.HttpServletRequest)
2019-09-08 07:51:25.637  INFO 167100 --- [main] s.w.s.m.m.a.RequestMappingHandlerMapping : Mapped "{[/error],produces=[text/html]}" onto public org.springframework.web.servlet.ModelAndView org.springframework.boot.autoconfigure.web.servlet.error.BasicErrorController.errorHtml(javax.servlet.http.HttpServletRequest,javax.servlet.http.HttpServletResponse)
2019-09-08 07:51:25.747  INFO 167100 --- [main] o.s.b.a.e.web.EndpointLinksResolver      : Exposing 2 endpoint(s) beneath base path '/actuator'
2019-09-08 07:51:25.771  INFO 167100 --- [main] s.b.a.e.w.s.WebMvcEndpointHandlerMapping : Mapped "{[/actuator/health],methods=[GET],produces=[application/vnd.spring-boot.actuator.v2+json || application/json]}" onto public java.lang.Object org.springframework.boot.actuate.endpoint.web.servlet.AbstractWebMvcEndpointHandlerMapping$OperationHandler.handle(javax.servlet.http.HttpServletRequest,java.util.Map<java.lang.String, java.lang.String>)
2019-09-08 07:51:25.773  INFO 167100 --- [main] s.b.a.e.w.s.WebMvcEndpointHandlerMapping : Mapped "{[/actuator/info],methods=[GET],produces=[application/vnd.spring-boot.actuator.v2+json || application/json]}" onto public java.lang.Object org.springframework.boot.actuate.endpoint.web.servlet.AbstractWebMvcEndpointHandlerMapping$OperationHandler.handle(javax.servlet.http.HttpServletRequest,java.util.Map<java.lang.String, java.lang.String>)
2019-09-08 07:51:25.774  INFO 167100 --- [main] s.b.a.e.w.s.WebMvcEndpointHandlerMapping : Mapped "{[/actuator],methods=[GET],produces=[application/vnd.spring-boot.actuator.v2+json || application/json]}" onto protected java.util.Map<java.lang.String, java.util.Map<java.lang.String, org.springframework.boot.actuate.endpoint.web.Link>> org.springframework.boot.actuate.endpoint.web.servlet.WebMvcEndpointHandlerMapping.links(javax.servlet.http.HttpServletRequest,javax.servlet.http.HttpServletResponse)
2019-09-08 07:51:25.966  INFO 167100 --- [main] o.s.s.concurrent.ThreadPoolTaskExecutor  : Initializing ExecutorService  'taskExecutor'
2019-09-08 07:51:26.020  INFO 167100 --- [main] c.c.o.s.impl.RedisClientDetailsService   : 将oauth_client_details全表刷入redis
2019-09-08 07:51:26.043  INFO 167100 --- [main] com.zaxxer.hikari.HikariDataSource       : HikariPool-1 - Starting...
2019-09-08 07:51:27.449  INFO 167100 --- [main] com.zaxxer.hikari.HikariDataSource       : HikariPool-1 - Start completed.
2019-09-08 07:51:27.718  WARN 167100 --- [main] o.s.s.o.p.t.s.JwtAccessTokenConverter    : Unable to create an RSA verifier from verifierKey (ignoreable if using MAC)
2019-09-08 07:51:28.101  INFO 167100 --- [main] o.s.s.web.DefaultSecurityFilterChain     : Creating filter chain: OrRequestMatcher [requestMatchers=[Ant [pattern='/oauth/token'], Ant [pattern='/oauth/token_key'], Ant [pattern='/oauth/check_token']]], [org.springframework.security.web.context.request.async.WebAsyncManagerIntegrationFilter@3ec9f8d, org.springframework.security.web.context.SecurityContextPersistenceFilter@24691c5, org.springframework.security.web.header.HeaderWriterFilter@374c3975, org.springframework.security.web.authentication.logout.LogoutFilter@25567581, org.springframework.security.oauth2.provider.client.ClientCredentialsTokenEndpointFilter@6826b70f, org.springframework.security.web.authentication.www.BasicAuthenticationFilter@7d47dfed, org.springframework.security.web.savedrequest.RequestCacheAwareFilter@6537ac, org.springframework.security.web.servletapi.SecurityContextHolderAwareRequestFilter@46cf8c07, org.springframework.security.web.authentication.AnonymousAuthenticationFilter@7e0f9528, org.springframework.security.web.session.SessionManagementFilter@6bcdd6e4, org.springframework.security.web.access.ExceptionTranslationFilter@2e2f20b8, org.springframework.security.web.access.intercept.FilterSecurityInterceptor@221ca495]
2019-09-08 07:51:28.126  INFO 167100 --- [main] o.s.s.web.DefaultSecurityFilterChain     : Creating filter chain: org.springframework.security.oauth2.config.annotation.web.configuration.ResourceServerConfiguration$NotOAuthRequestMatcher@1e734eee, [org.springframework.security.web.context.request.async.WebAsyncManagerIntegrationFilter@1e191150, org.springframework.security.web.context.SecurityContextPersistenceFilter@539fc5d1, org.springframework.security.web.header.HeaderWriterFilter@44dd0d38, org.springframework.security.web.authentication.logout.LogoutFilter@3962ec84, org.springframework.security.oauth2.provider.authentication.OAuth2AuthenticationProcessingFilter@3855d9b2, org.springframework.security.web.authentication.www.BasicAuthenticationFilter@5f3b84bd, org.springframework.security.web.savedrequest.RequestCacheAwareFilter@4cae66a8, org.springframework.security.web.servletapi.SecurityContextHolderAwareRequestFilter@60b616c8, org.springframework.security.web.authentication.AnonymousAuthenticationFilter@2fbd390, org.springframework.security.web.session.SessionManagementFilter@7e94e331, org.springframework.security.web.access.ExceptionTranslationFilter@852ef8d, org.springframework.security.web.access.intercept.FilterSecurityInterceptor@26874f2c]
2019-09-08 07:51:28.129  INFO 167100 --- [main] o.s.s.web.DefaultSecurityFilterChain     : Creating filter chain: org.springframework.security.web.util.matcher.AnyRequestMatcher@1, [org.springframework.security.web.context.request.async.WebAsyncManagerIntegrationFilter@2ccc9681, org.springframework.security.web.context.SecurityContextPersistenceFilter@7f51f588, org.springframework.security.web.header.HeaderWriterFilter@f017dd0, org.springframework.security.web.authentication.logout.LogoutFilter@69a373fd, org.springframework.security.web.authentication.www.BasicAuthenticationFilter@120350eb, org.springframework.security.web.savedrequest.RequestCacheAwareFilter@6fb22ae3, org.springframework.security.web.servletapi.SecurityContextHolderAwareRequestFilter@6bd92538, org.springframework.security.web.authentication.AnonymousAuthenticationFilter@7d401cdc, org.springframework.security.web.session.SessionManagementFilter@2424cb9d, org.springframework.security.web.access.ExceptionTranslationFilter@45eab322, org.springframework.security.web.access.intercept.FilterSecurityInterceptor@48dff674]
2019-09-08 07:51:28.209  INFO 167100 --- [main] pertySourcedRequestMappingHandlerMapping : Mapped URL path [/v2/api-docs] onto method [public org.springframework.http.ResponseEntity<springfox.documentation.spring.web.json.Json> springfox.documentation.swagger2.web.Swagger2Controller.getDocumentation(java.lang.String,javax.servlet.http.HttpServletRequest)]
2019-09-08 07:51:28.382  INFO 167100 --- [main] o.s.w.s.handler.SimpleUrlHandlerMapping  : Mapped URL path [/**/favicon.ico] onto handler of type [class org.springframework.web.servlet.resource.ResourceHttpRequestHandler]
2019-09-08 07:51:28.593  INFO 167100 --- [main] s.w.s.m.m.a.RequestMappingHandlerAdapter : Looking for @ControllerAdvice: org.springframework.boot.web.servlet.context.AnnotationConfigServletWebServerApplicationContext@6f6745d6: startup date [Sun Sep 08 07:51:18 CST 2019]; parent: org.springframework.context.annotation.AnnotationConfigApplicationContext@3d51f06e
2019-09-08 07:51:28.685  INFO 167100 --- [main] o.s.w.s.handler.SimpleUrlHandlerMapping  : Mapped URL path [/webjars/**] onto handler of type [class org.springframework.web.servlet.resource.ResourceHttpRequestHandler]
2019-09-08 07:51:28.686  INFO 167100 --- [main] o.s.w.s.handler.SimpleUrlHandlerMapping  : Mapped URL path [/**] onto handler of type [class org.springframework.web.servlet.resource.ResourceHttpRequestHandler]
2019-09-08 07:51:28.708  INFO 167100 --- [main] .m.m.a.ExceptionHandlerExceptionResolver : Detected @ExceptionHandler methods in exceptionHandlerAdvice
2019-09-08 07:51:28.753  INFO 167100 --- [main] o.s.b.a.w.s.WelcomePageHandlerMapping    : Adding welcome page: class path resource [static/index.html]
2019-09-08 07:51:31.306  INFO 167100 --- [main] o.s.cloud.commons.util.InetUtils         : Cannot determine local hostname
2019-09-08 07:51:31.428  INFO 167100 --- [main] o.s.j.e.a.AnnotationMBeanExporter        : Registering beans for JMX exposure on startup
2019-09-08 07:51:31.430  INFO 167100 --- [main] o.s.j.e.a.AnnotationMBeanExporter        : Bean with name 'dataSource' has been autodetected for JMX exposure
2019-09-08 07:51:31.438  INFO 167100 --- [main] o.s.j.e.a.AnnotationMBeanExporter        : Bean with name 'environmentManager' has been autodetected for JMX exposure
2019-09-08 07:51:31.439  INFO 167100 --- [main] o.s.j.e.a.AnnotationMBeanExporter        : Bean with name 'refreshScope' has been autodetected for JMX exposure
2019-09-08 07:51:31.440  INFO 167100 --- [main] o.s.j.e.a.AnnotationMBeanExporter        : Bean with name 'configurationPropertiesRebinder' has been autodetected for JMX exposure
2019-09-08 07:51:31.444  INFO 167100 --- [main] o.s.j.e.a.AnnotationMBeanExporter        : Located managed bean 'environmentManager': registering with JMX server as MBean [org.springframework.cloud.context.environment:name=environmentManager,type=EnvironmentManager]
2019-09-08 07:51:31.453  INFO 167100 --- [main] o.s.j.e.a.AnnotationMBeanExporter        : Located managed bean 'refreshScope': registering with JMX server as MBean [org.springframework.cloud.context.scope.refresh:name=refreshScope,type=RefreshScope]
2019-09-08 07:51:31.467  INFO 167100 --- [main] o.s.j.e.a.AnnotationMBeanExporter        : Located managed bean 'configurationPropertiesRebinder': registering with JMX server as MBean [org.springframework.cloud.context.properties:name=configurationPropertiesRebinder,context=6f6745d6,type=ConfigurationPropertiesRebinder]
2019-09-08 07:51:31.474  INFO 167100 --- [main] o.s.j.e.a.AnnotationMBeanExporter        : Located MBean 'dataSource': registering with JMX server as MBean [com.zaxxer.hikari:name=dataSource,type=HikariDataSource]
2019-09-08 07:51:31.481  INFO 167100 --- [main] o.s.c.support.DefaultLifecycleProcessor  : Starting beans in phase 2147483647
2019-09-08 07:51:31.481  INFO 167100 --- [main] d.s.w.p.DocumentationPluginsBootstrapper : Context refreshed
2019-09-08 07:51:31.517  INFO 167100 --- [main] d.s.w.p.DocumentationPluginsBootstrapper : Found 1 custom documentation plugin(s)
2019-09-08 07:51:31.595  INFO 167100 --- [main] s.d.s.w.s.ApiListingReferenceScanner     : Scanning for api listing references
2019-09-08 07:51:32.069  INFO 167100 --- [main] .d.s.w.r.o.CachingOperationNameGenerator : Generating unique operation named: deleteUsingDELETE_1
2019-09-08 07:51:32.091  INFO 167100 --- [main] .d.s.w.r.o.CachingOperationNameGenerator : Generating unique operation named: saveUsingPOST_1
2019-09-08 07:51:32.108  INFO 167100 --- [main] .d.s.w.r.o.CachingOperationNameGenerator : Generating unique operation named: saveUsingPOST_2
2019-09-08 07:51:32.110  INFO 167100 --- [main] .d.s.w.r.o.CachingOperationNameGenerator : Generating unique operation named: updateUsingPUT_1
2019-09-08 07:51:32.113  INFO 167100 --- [main] .d.s.w.r.o.CachingOperationNameGenerator : Generating unique operation named: deleteUsingDELETE_2
2019-09-08 07:51:32.120  INFO 167100 --- [main] .d.s.w.r.o.CachingOperationNameGenerator : Generating unique operation named: findByIdUsingGET_1
2019-09-08 07:51:32.134  INFO 167100 --- [main] .d.s.w.r.o.CachingOperationNameGenerator : Generating unique operation named: saveUsingPOST_3
2019-09-08 07:51:32.137  INFO 167100 --- [main] .d.s.w.r.o.CachingOperationNameGenerator : Generating unique operation named: updateUsingPUT_2
2019-09-08 07:51:32.145  INFO 167100 --- [main] .d.s.w.r.o.CachingOperationNameGenerator : Generating unique operation named: handleUsingGET_1
2019-09-08 07:51:32.155  INFO 167100 --- [main] .d.s.w.r.o.CachingOperationNameGenerator : Generating unique operation named: deleteUsingDELETE_3
2019-09-08 07:51:32.163  INFO 167100 --- [main] .d.s.w.r.o.CachingOperationNameGenerator : Generating unique operation named: saveUsingPOST_4
2019-09-08 07:51:32.164  INFO 167100 --- [main] .d.s.w.r.o.CachingOperationNameGenerator : Generating unique operation named: updateUsingPUT_3
2019-09-08 07:51:32.168  INFO 167100 --- [main] .d.s.w.r.o.CachingOperationNameGenerator : Generating unique operation named: findByIdUsingGET_2
2019-09-08 07:51:32.174  INFO 167100 --- [main] .d.s.w.r.o.CachingOperationNameGenerator : Generating unique operation named: saveUsingPOST_5
2019-09-08 07:51:32.176  INFO 167100 --- [main] .d.s.w.r.o.CachingOperationNameGenerator : Generating unique operation named: updateUsingPUT_4
2019-09-08 07:51:32.193  INFO 167100 --- [main] .d.s.w.r.o.CachingOperationNameGenerator : Generating unique operation named: smsLoginUsingPOST_1
2019-09-08 07:51:32.315  INFO 167100 --- [main] o.a.c.c.C.[Tomcat].[localhost].[/]       : Initializing Spring FrameworkServlet 'dispatcherServlet'
2019-09-08 07:51:32.315  INFO 167100 --- [main] o.s.web.servlet.DispatcherServlet        : FrameworkServlet 'dispatcherServlet': initialization started
2019-09-08 07:51:32.359  INFO 167100 --- [main] o.s.web.servlet.DispatcherServlet        : FrameworkServlet 'dispatcherServlet': initialization completed in 44 ms
2019-09-08 07:51:32.361  INFO 167100 --- [main] o.s.b.w.embedded.tomcat.TomcatWebServer  : Tomcat started on port(s): 8080 (http) with context path ''
2019-09-08 07:51:32.365  INFO 167100 --- [main] com.cloud.SpringbootMybatisApplication   : Started SpringbootMybatisApplication in 18.915 seconds (JVM running for 19.552)
